hrm.auth_user.save (0.00) {'username': u'sys', 'first_name': u'', 'last_name': u'', '_id': ObjectId('5b587491367cc43c08105612'), 'is_active': True, 'email': u'sys@beatles.com', 'is_superuser': True, 'is_staff': True, 'last_login': datetime.datetime(2018, 8, 8, 9, 37, 59, 787000, tzinfo=<UTC>), 'password': u'pbkdf2_sha256$12000$m2jOatm5Cr9w$A43rhOMVMVGwaYy34PfKV3Ve0ioJwywh/AZmuKbJDuM=', 'date_joined': datetime.datetime(2018, 7, 25, 13, 1, 5, 103000, tzinfo=<UTC>)}
django_session.save (0.00) {'schema': 'hrm', '_id': u'r0y3b1zkl8dfv1vcpzinuo0khhdcvuan', 'expire_date': datetime.datetime(2018, 8, 22, 10, 26, 47, 135000, tzinfo=<UTC>), 'session_data': u'YjAwMTViM2E0OTNjMDE0N2NjMTFiZjIxNzYzNmNkYTg5OGRiZGZjMzp7Imxhbmd1YWdlIjoiZW4ifQ=='}
django_session.find (0.00) {'_id': 'r0y3b1zkl8dfv1vcpzinuo0khhdcvuan', 'expire_date': {'$gt': datetime.datetime(2018, 8, 8, 10, 26, 48, 347000, tzinfo=<UTC>)}, 'schema': 'hrm'}
hrm.auth_user.save (0.00) {'username': u'sys', 'first_name': u'', 'last_name': u'', '_id': ObjectId('5b587491367cc43c08105612'), 'is_active': True, 'email': u'sys@beatles.com', 'is_superuser': True, 'is_staff': True, 'last_login': datetime.datetime(2018, 8, 8, 9, 37, 59, 787000, tzinfo=<UTC>), 'password': u'pbkdf2_sha256$12000$m2jOatm5Cr9w$A43rhOMVMVGwaYy34PfKV3Ve0ioJwywh/AZmuKbJDuM=', 'date_joined': datetime.datetime(2018, 7, 25, 13, 1, 5, 103000, tzinfo=<UTC>)}
django_session.save (0.00) {'schema': 'hrm', '_id': u'y12phsp5sf3ey2eycx42u8gdurtbft9s', 'expire_date': datetime.datetime(2018, 8, 22, 10, 26, 48, 443000, tzinfo=<UTC>), 'session_data': u'YjAwMTViM2E0OTNjMDE0N2NjMTFiZjIxNzYzNmNkYTg5OGRiZGZjMzp7Imxhbmd1YWdlIjoiZW4ifQ=='}
django_session.find (0.00) {'_id': 'r0y3b1zkl8dfv1vcpzinuo0khhdcvuan', 'schema': 'hrm'}
django_session.remove (0.00) {'_id': {'$in': [u'r0y3b1zkl8dfv1vcpzinuo0khhdcvuan']}, 'schema': 'hrm'}
hrm.auth_user.save (0.00) {'username': u'sys', 'first_name': u'', 'last_name': u'', '_id': ObjectId('5b587491367cc43c08105612'), 'is_active': True, 'email': u'sys@beatles.com', 'is_superuser': True, 'is_staff': True, 'last_login': datetime.datetime(2018, 8, 8, 10, 26, 48, 447000, tzinfo=<UTC>), 'password': u'pbkdf2_sha256$12000$m2jOatm5Cr9w$A43rhOMVMVGwaYy34PfKV3Ve0ioJwywh/AZmuKbJDuM=', 'date_joined': datetime.datetime(2018, 7, 25, 13, 1, 5, 103000, tzinfo=<UTC>)}
django_session.save (0.00) {'schema': 'hrm', '_id': u'y12phsp5sf3ey2eycx42u8gdurtbft9s', 'expire_date': datetime.datetime(2018, 8, 22, 10, 26, 48, 450000, tzinfo=<UTC>), 'session_data': u'ZTY4ZGUyMjFjZTY1M2NiNWEyZjU0YTI0NjJjYjU2Y2MxZGVkNjAyMTp7Il9hdXRoX3VzZXJfYmFja2VuZCI6InF1aWNreS5iYWNrZW5kcy5IYXNoTW9kZWxCYWNrZW5kIiwiX2F1dGhfdXNlcl9pZCI6IjViNTg3NDkxMzY3Y2M0M2MwODEwNTYxMiIsImxhbmd1YWdlIjoiZW4ifQ=='}
django_session.find (0.00) {'_id': 'y12phsp5sf3ey2eycx42u8gdurtbft9s', 'expire_date': {'$gt': datetime.datetime(2018, 8, 8, 10, 26, 48, 474000, tzinfo=<UTC>)}, 'schema': 'hrm'}
django_session.find (0.00) {'_id': 'y12phsp5sf3ey2eycx42u8gdurtbft9s', 'expire_date': {'$gt': datetime.datetime(2018, 8, 8, 10, 26, 48, 657000, tzinfo=<UTC>)}, 'schema': 'hrm'}
django_session.find (0.00) {'_id': 'y12phsp5sf3ey2eycx42u8gdurtbft9s', 'expire_date': {'$gt': datetime.datetime(2018, 8, 8, 10, 26, 50, 801000, tzinfo=<UTC>)}, 'schema': 'hrm'}
django_session.find (0.00) {'_id': 'y12phsp5sf3ey2eycx42u8gdurtbft9s', 'expire_date': {'$gt': datetime.datetime(2018, 8, 8, 10, 26, 50, 932000, tzinfo=<UTC>)}, 'schema': 'hrm'}
django_session.find (0.00) {'_id': 'y12phsp5sf3ey2eycx42u8gdurtbft9s', 'expire_date': {'$gt': datetime.datetime(2018, 8, 8, 10, 26, 52, 784000, tzinfo=<UTC>)}, 'schema': 'hrm'}
django_session.find (0.00) {'_id': 'y12phsp5sf3ey2eycx42u8gdurtbft9s', 'expire_date': {'$gt': datetime.datetime(2018, 8, 8, 10, 30, 14, 801000, tzinfo=<UTC>)}, 'schema': 'hrm'}
django_session.find (0.00) {'_id': 'y12phsp5sf3ey2eycx42u8gdurtbft9s', 'expire_date': {'$gt': datetime.datetime(2018, 8, 8, 10, 30, 14, 874000, tzinfo=<UTC>)}, 'schema': 'hrm'}
django_session.find (0.00) {'_id': 'y12phsp5sf3ey2eycx42u8gdurtbft9s', 'expire_date': {'$gt': datetime.datetime(2018, 8, 8, 10, 30, 17, 403000, tzinfo=<UTC>)}, 'schema': 'hrm'}
django_session.find (0.00) {'_id': 'y12phsp5sf3ey2eycx42u8gdurtbft9s', 'expire_date': {'$gt': datetime.datetime(2018, 8, 8, 10, 30, 17, 474000, tzinfo=<UTC>)}, 'schema': 'hrm'}
django_session.find (0.00) {'_id': 'y12phsp5sf3ey2eycx42u8gdurtbft9s', 'expire_date': {'$gt': datetime.datetime(2018, 8, 8, 10, 30, 20, 400000, tzinfo=<UTC>)}, 'schema': 'hrm'}
django_session.find (0.00) {'_id': 'y12phsp5sf3ey2eycx42u8gdurtbft9s', 'expire_date': {'$gt': datetime.datetime(2018, 8, 8, 10, 30, 20, 458000, tzinfo=<UTC>)}, 'schema': 'hrm'}
django_session.find (0.00) {'_id': 'y12phsp5sf3ey2eycx42u8gdurtbft9s', 'expire_date': {'$gt': datetime.datetime(2018, 8, 8, 10, 30, 22, 543000, tzinfo=<UTC>)}, 'schema': 'hrm'}
django_session.find (0.00) {'_id': 'y12phsp5sf3ey2eycx42u8gdurtbft9s', 'expire_date': {'$gt': datetime.datetime(2018, 8, 8, 10, 30, 22, 599000, tzinfo=<UTC>)}, 'schema': 'hrm'}
django_session.find (0.00) {'_id': 'y12phsp5sf3ey2eycx42u8gdurtbft9s', 'expire_date': {'$gt': datetime.datetime(2018, 8, 8, 10, 30, 25, 119000, tzinfo=<UTC>)}, 'schema': 'hrm'}
django_session.find (0.00) {'_id': 'y12phsp5sf3ey2eycx42u8gdurtbft9s', 'expire_date': {'$gt': datetime.datetime(2018, 8, 8, 10, 30, 25, 175000, tzinfo=<UTC>)}, 'schema': 'hrm'}
